 INFO: request:GET / HTTP/1.1**Host: 127.0.0.1:8000**Connection: keep-alive**Cache-Control: max-age=0**sec-ch-ua: " Not A;Brand";v="99", "Chromium";v="96", "Google Chrome";v="96"**sec-ch-ua-mobile: ?0**sec-ch-ua-platform: "Linux"**Upgrade-Insecure-Requests: 1**User-Agent: Mozilla/5.0 (X11; Linux x86_64) AppleWebKit/537.36 (KHTML, like Gecko) Chrome/96.0.4664.45 Safari/537.36**Accept: text/html,application/xhtml+xml,application/xml;q=0.9,image/avif,image/webp,image/apng,*/*;q=0.8,application/signed-exchange;v=b3;q=0.9**Sec-Fetch-Site: none**Sec-Fetch-Mode: navigate**Sec-Fetch-User: ?1**Sec-Fetch-Dest: document**Accept-Encoding: gzip, deflate, br**Accept-Language: en-CN,en;q=0.9,zh-CN;q=0.8,zh;q=0.7,en-GB;q=0.6,en-US;q=0.5,zh-TW;q=0.4**Cookie: io=anvUJbzL5HBrROpiAAAB****:1
 INFO: SEND:index.html:1
 INFO: Header:HTTP/1.1 200 OK
Server: nweb/23.0
Content-Length:297
Connection:close
Content-Type: text/html

:1
 INFO: request:GET /lufei.jpg HTTP/1.1**Host: 127.0.0.1:8000**Connection: keep-alive**sec-ch-ua: " Not A;Brand";v="99", "Chromium";v="96", "Google Chrome";v="96"**sec-ch-ua-mobile: ?0**User-Agent: Mozilla/5.0 (X11; Linux x86_64) AppleWebKit/537.36 (KHTML, like Gecko) Chrome/96.0.4664.45 Safari/537.36**sec-ch-ua-platform: "Linux"**Accept: image/avif,image/webp,image/apng,image/svg+xml,image/*,*/*;q=0.8**Sec-Fetch-Site: same-origin**Sec-Fetch-Mode: no-cors**Sec-Fetch-Dest: image**Referer: http://127.0.0.1:8000/**Accept-Encoding: gzip, deflate, br**Accept-Language: en-CN,en;q=0.9,zh-CN;q=0.8,zh;q=0.7,en-GB;q=0.6,en-US;q=0.5,zh-TW;q=0.4**Cookie: io=anvUJbzL5HBrROpiAAAB****:2
 INFO: SEND:lufei.jpg:2
 INFO: Header:HTTP/1.1 200 OK
Server: nweb/23.0
Content-Length:129231
Connection:close
Content-Type: image/jpg

:2
 INFO: request:GET /global.ico HTTP/1.1**Host: 127.0.0.1:8000**Connection: keep-alive**sec-ch-ua: " Not A;Brand";v="99", "Chromium";v="96", "Google Chrome";v="96"**sec-ch-ua-mobile: ?0**User-Agent: Mozilla/5.0 (X11; Linux x86_64) AppleWebKit/537.36 (KHTML, like Gecko) Chrome/96.0.4664.45 Safari/537.36**sec-ch-ua-platform: "Linux"**Accept: image/avif,image/webp,image/apng,image/svg+xml,image/*,*/*;q=0.8**Sec-Fetch-Site: same-origin**Sec-Fetch-Mode: no-cors**Sec-Fetch-Dest: image**Referer: http://127.0.0.1:8000/**Accept-Encoding: gzip, deflate, br**Accept-Language: en-CN,en;q=0.9,zh-CN;q=0.8,zh;q=0.7,en-GB;q=0.6,en-US;q=0.5,zh-TW;q=0.4**Cookie: io=anvUJbzL5HBrROpiAAAB****:3
 INFO: SEND:global.ico:3
 INFO: Header:HTTP/1.1 200 OK
Server: nweb/23.0
Content-Length:67646
Connection:close
Content-Type: image/ico

:3
